<?xml version="1.0" encoding="UTF-8" standalone="no"?>
<!DOCTYPE log SYSTEM "logger.dtd">
<log>
<record>
  <date>2020-02-12T14:59:29</date>
  <millis>1581499769331</millis>
  <sequence>0</sequence>
  <logger>assignment.PrintQ6</logger>
  <level>FINE</level>
  <class>assignment.PrintQ6</class>
  <method>main</method>
  <thread>1</thread>
  <message>Finer logged</message>
</record>
</log>
<?xml version="1.0" encoding="UTF-8" standalone="no"?>
<!DOCTYPE log SYSTEM "logger.dtd">
<log>
<record>
  <date>2020-02-12T14:59:52</date>
  <millis>1581499792533</millis>
  <sequence>0</sequence>
  <logger>assignment.PrintQ6</logger>
  <level>FINE</level>
  <class>assignment.PrintQ6</class>
  <method>main</method>
  <thread>1</thread>
  <message>Finer logged</message>
</record>
</log>
